Start testing: Jul 10 15:49 CDT
----------------------------------------------------------
1/1 Testing: MazeTests
1/1 Test: MazeTests
Command: "/home/christopherbenjaminscottii/Documents/Brandon's Assignments/classes/build/test/MazeTests"
Directory: /home/christopherbenjaminscottii/Documents/Brandon's Assignments/classes/build/test
"MazeTests" start time: Jul 10 15:49 CDT
Output:
----------------------------------------------------------
Running main() from /home/christopherbenjaminscottii/Documents/Brandon's Assignments/classes/googletest/googletest/src/gtest_main.cc
[==========] Running 6 tests from 3 test suites.
[----------] Global test environment set-up.
[----------] 4 tests from MazeTest
[ RUN      ] MazeTest.getName
[       OK ] MazeTest.getName (0 ms)
[ RUN      ] MazeTest.setAndGetNeighbors
Alpha is in North
Beta is in East
Charlie is in South
Delta is in West
/home/christopherbenjaminscottii/Documents/Brandon's Assignments/classes/test/MazeTest.cpp:55: Failure
Expected equality of these values:
  rooms[i]->getName()
    Which is: "NEW ALPHA"
  temprooms[i]->getName()
    Which is: "Alpha"
Expected NEW ALPHAgotAlpha
/home/christopherbenjaminscottii/Documents/Brandon's Assignments/classes/test/MazeTest.cpp:55: Failure
Expected equality of these values:
  rooms[i]->getName()
    Which is: "NEW BETA"
  temprooms[i]->getName()
    Which is: "Beta"
Expected NEW BETAgotBeta
/home/christopherbenjaminscottii/Documents/Brandon's Assignments/classes/test/MazeTest.cpp:58: Failure
Expected equality of these values:
  nullptr
    Which is: NULL
  temprooms[i]
    Which is: 0x559bb6d977f0
/home/christopherbenjaminscottii/Documents/Brandon's Assignments/classes/test/MazeTest.cpp:58: Failure
Expected equality of these values:
  nullptr
    Which is: NULL
  temprooms[i]
    Which is: 0x559bb6d96550
[  FAILED  ] MazeTest.setAndGetNeighbors (0 ms)
[ RUN      ] MazeTest.setAndGetNeighbor
Replaced
Beta
[       OK ] MazeTest.setAndGetNeighbor (0 ms)
[ RUN      ] MazeTest.moveRooms
/home/christopherbenjaminscottii/Documents/Brandon's Assignments/classes/test/MazeTest.cpp:77: Failure
Expected: (nullptr) != (nxtRoom), actual: (nullptr) vs NULL
[  FAILED  ] MazeTest.moveRooms (0 ms)
[----------] 4 tests from MazeTest (0 ms total)

[----------] 1 test from LockTest
[ RUN      ] LockTest.setAndGetLockStatus
[       OK ] LockTest.setAndGetLockStatus (0 ms)
[----------] 1 test from LockTest (0 ms total)

[----------] 1 test from DirectionTest
[ RUN      ] DirectionTest.revdir
[       OK ] DirectionTest.revdir (0 ms)
[----------] 1 test from DirectionTest (0 ms total)

[----------] Global test environment tear-down
[==========] 6 tests from 3 test suites ran. (0 ms total)
[  PASSED  ] 4 tests.
[  FAILED  ] 2 tests, listed below:
[  FAILED  ] MazeTest.setAndGetNeighbors
[  FAILED  ] MazeTest.moveRooms

 2 FAILED TESTS
<end of output>
Test time =   0.00 sec
----------------------------------------------------------
Test Failed.
"MazeTests" end time: Jul 10 15:49 CDT
"MazeTests" time elapsed: 00:00:00
----------------------------------------------------------

End testing: Jul 10 15:49 CDT
