Start testing: Jul 09 15:57 CDT
----------------------------------------------------------
1/1 Testing: MazeTests
1/1 Test: MazeTests
Command: "/home/christopherbenjaminscottii/Documents/Brandon's Assignments/classes/build/test/MazeTests"
Directory: /home/christopherbenjaminscottii/Documents/Brandon's Assignments/classes/build/test
"MazeTests" start time: Jul 09 15:57 CDT
Output:
----------------------------------------------------------
Running main() from /home/christopherbenjaminscottii/Documents/Brandon's Assignments/classes/googletest/googletest/src/gtest_main.cc
[==========] Running 1 test from 1 test suite.
[----------] Global test environment set-up.
[----------] 1 test from MazeTest
[ RUN      ] MazeTest.getName
/home/christopherbenjaminscottii/Documents/Brandon's Assignments/classes/test/MazeTest.cpp:8: Failure
Expected equality of these values:
  name + "*"
    Which is: "Zero*"
  zero.getName()
    Which is: "Zero"
Expected Name Zero
[  FAILED  ] MazeTest.getName (0 ms)
[----------] 1 test from MazeTest (0 ms total)

[----------] Global test environment tear-down
[==========] 1 test from 1 test suite ran. (0 ms total)
[  PASSED  ] 0 tests.
[  FAILED  ] 1 test, listed below:
[  FAILED  ] MazeTest.getName

 1 FAILED TEST
<end of output>
Test time =   0.00 sec
----------------------------------------------------------
Test Failed.
"MazeTests" end time: Jul 09 15:57 CDT
"MazeTests" time elapsed: 00:00:00
----------------------------------------------------------

End testing: Jul 09 15:57 CDT
